<?xml version="1.0" encoding="UTF-8"?>
<!-- Generated by org.testng.reporters.JUnitXMLReporter -->
<testsuite hostname="AZV2311-L2" ignored="0" name="Dog Breed Test" tests="3" failures="0" timestamp="21 Jul 2020 16:25:21 GMT" time="12.921" errors="0">
  <testcase name="getDogbreed" time="11.85" classname="com.Doglist.TC_01Doglist"/>
  <testcase name="queryParameter" time="0.602" classname="com.Doglist.TC_02DogbreedValidation"/>
  <testcase name="getsubbreed" time="0.411" classname="com.Doglist.TC_03Subbreeds"/>
</testsuite> <!-- Dog Breed Test -->
