<?xml version="1.0" encoding="UTF-8"?>
<!-- Generated by org.testng.reporters.JUnitXMLReporter -->
<testsuite hostname="AZV2311-L2" ignored="0" name="Dog Breed Test" tests="4" failures="0" timestamp="17 Aug 2020 19:50:34 GMT" time="7.027" errors="0">
  <testcase name="GetList" time="3.428" classname="com.Doglist.TC_01Doglist"/>
  <testcase name="queryParameter" time="1.076" classname="com.Doglist.TC_02DogbreedValidation"/>
  <testcase name="Test_03" time="1.225" classname="com.Doglist.TC_03Subbreeds"/>
  <testcase name="Test_04" time="1.254" classname="com.Doglist.TC_04Subreedimage"/>
</testsuite> <!-- Dog Breed Test -->
